# JRE version: Java(TM) SE Runtime Environment 18.9 (11.0.14+8) (build 11.0.14+8-LTS-263)
# Java VM: Java HotSpot(TM) 64-Bit Server VM 18.9 (11.0.14+8-LTS-263, mixed mode, tiered, compressed oops, g1 gc, windows-amd64)
Heap:
 garbage-first heap   total 237568K, used 80828K [0x0000000742600000, 0x0000000800000000)
  region size 1024K, 52 young (53248K), 1 survivors (1024K)
 Metaspace       used 45376K, capacity 45969K, committed 46128K, reserved 1089536K
  class space    used 5430K, capacity 5675K, committed 5760K, reserved 1048576K
GC Heap History (10 events):
Event: 0.411 GC heap before
{Heap before GC invocations=0 (full 0):
 garbage-first heap   total 194560K, used 28672K [0x0000000742600000, 0x0000000800000000)
  region size 1024K, 24 young (24576K), 0 survivors (0K)
 Metaspace       used 11885K, capacity 12022K, committed 12288K, reserved 1060864K
  class space    used 1118K, capacity 1175K, committed 1280K, reserved 1048576K
}
Event: 0.414 GC heap after
{Heap after GC invocations=1 (full 0):
 garbage-first heap   total 194560K, used 6669K [0x0000000742600000, 0x0000000800000000)
  region size 1024K, 3 young (3072K), 3 survivors (3072K)
 Metaspace       used 11885K, capacity 12022K, committed 12288K, reserved 1060864K
  class space    used 1118K, capacity 1175K, committed 1280K, reserved 1048576K
}
Event: 0.958 GC heap before
{Heap before GC invocations=1 (full 0):
 garbage-first heap   total 194560K, used 44557K [0x0000000742600000, 0x0000000800000000)
  region size 1024K, 41 young (41984K), 3 survivors (3072K)
 Metaspace       used 20926K, capacity 21198K, committed 21296K, reserved 1069056K
  class space    used 2287K, capacity 2410K, committed 2432K, reserved 1048576K
}
Event: 0.966 GC heap after
{Heap after GC invocations=2 (full 0):
 garbage-first heap   total 194560K, used 10554K [0x0000000742600000, 0x0000000800000000)
  region size 1024K, 7 young (7168K), 7 survivors (7168K)
 Metaspace       used 20926K, capacity 21198K, committed 21296K, reserved 1069056K
  class space    used 2287K, capacity 2410K, committed 2432K, reserved 1048576K
}
Event: 1.772 GC heap before
{Heap before GC invocations=3 (full 0):
 garbage-first heap   total 194560K, used 69946K [0x0000000742600000, 0x0000000800000000)
  region size 1024K, 59 young (60416K), 7 survivors (7168K)
 Metaspace       used 32023K, capacity 32598K, committed 32688K, reserved 1077248K
  class space    used 3859K, capacity 4082K, committed 4096K, reserved 1048576K
}
Event: 1.795 GC heap after
{Heap after GC invocations=4 (full 0):
 garbage-first heap   total 194560K, used 28164K [0x0000000742600000, 0x0000000800000000)
  region size 1024K, 8 young (8192K), 8 survivors (8192K)
 Metaspace       used 32023K, capacity 32598K, committed 32688K, reserved 1077248K
  class space    used 3859K, capacity 4082K, committed 4096K, reserved 1048576K
}
Event: 1.925 GC heap before
{Heap before GC invocations=4 (full 0):
 garbage-first heap   total 194560K, used 36356K [0x0000000742600000, 0x0000000800000000)
  region size 1024K, 16 young (16384K), 8 survivors (8192K)
 Metaspace       used 33498K, capacity 34047K, committed 34096K, reserved 1079296K
  class space    used 4222K, capacity 4435K, committed 4480K, reserved 1048576K
}
Event: 1.932 GC heap after
{Heap after GC invocations=5 (full 0):
 garbage-first heap   total 194560K, used 30344K [0x0000000742600000, 0x0000000800000000)
  region size 1024K, 2 young (2048K), 2 survivors (2048K)
 Metaspace       used 33498K, capacity 34047K, committed 34096K, reserved 1079296K
  class space    used 4222K, capacity 4435K, committed 4480K, reserved 1048576K
}
Event: 2.007 GC heap before
{Heap before GC invocations=5 (full 0):
 garbage-first heap   total 194560K, used 35464K [0x0000000742600000, 0x0000000800000000)
  region size 1024K, 8 young (8192K), 2 survivors (2048K)
 Metaspace       used 35254K, capacity 35777K, committed 35888K, reserved 1081344K
  class space    used 4422K, capacity 4628K, committed 4736K, reserved 1048576K
}
Event: 2.010 GC heap after
{Heap after GC invocations=6 (full 0):
 garbage-first heap   total 237568K, used 29628K [0x0000000742600000, 0x0000000800000000)
  region size 1024K, 1 young (1024K), 1 survivors (1024K)
 Metaspace       used 35254K, capacity 35777K, committed 35888K, reserved 1081344K
  class space    used 4422K, capacity 4628K, committed 4736K, reserved 1048576K
}

