# JRE version: OpenJDK Runtime Environment Zulu17.42+19-CA (17.0.7+7) (build 17.0.7+7-LTS)
# Java VM: OpenJDK 64-Bit Server VM Zulu17.42+19-CA (17.0.7+7-LTS, mixed mode, sharing, tiered, compressed oops, compressed class ptrs, g1 gc, windows-amd64)
GC Precious Log:
 CPUs: 8 total, 8 available
 Memory: 12135M
 Large Page Support: Disabled
 NUMA Support: Disabled
 Compressed Oops: Enabled (32-bit)
 Heap Region Size: 1M
 Heap Min Capacity: 8M
 Heap Initial Capacity: 190M
 Heap Max Capacity: 2G
 Pre-touch: Disabled
 Parallel Workers: 8
 Concurrent Workers: 2
 Concurrent Refinement Workers: 8
 Periodic GC: Disabled
Heap:
 garbage-first heap   total 455680K, used 256272K [0x0000000080000000, 0x0000000100000000)
  region size 1024K, 8 young (8192K), 3 survivors (3072K)
 Metaspace       used 118307K, committed 119296K, reserved 1179648K
  class space    used 15330K, committed 15808K, reserved 1048576K
GC Heap History (20 events):
Event: 24.176 GC heap before
{Heap before GC invocations=34 (full 0):
 garbage-first heap   total 314368K, used 260699K [0x0000000080000000, 0x0000000100000000)
  region size 1024K, 67 young (68608K), 7 survivors (7168K)
 Metaspace       used 99238K, committed 100096K, reserved 1179648K
  class space    used 13265K, committed 13696K, reserved 1048576K
}
Event: 24.185 GC heap after
{Heap after GC invocations=35 (full 0):
 garbage-first heap   total 314368K, used 205069K [0x0000000080000000, 0x0000000100000000)
  region size 1024K, 7 young (7168K), 7 survivors (7168K)
 Metaspace       used 99238K, committed 100096K, reserved 1179648K
  class space    used 13265K, committed 13696K, reserved 1048576K
}
Event: 749.789 GC heap before
{Heap before GC invocations=36 (full 0):
 garbage-first heap   total 350208K, used 258317K [0x0000000080000000, 0x0000000100000000)
  region size 1024K, 60 young (61440K), 7 survivors (7168K)
 Metaspace       used 104318K, committed 105280K, reserved 1179648K
  class space    used 13728K, committed 14208K, reserved 1048576K
}
Event: 749.893 GC heap after
{Heap after GC invocations=37 (full 0):
 garbage-first heap   total 350208K, used 207403K [0x0000000080000000, 0x0000000100000000)
  region size 1024K, 3 young (3072K), 3 survivors (3072K)
 Metaspace       used 104318K, committed 105280K, reserved 1179648K
  class space    used 13728K, committed 14208K, reserved 1048576K
}
Event: 965.789 GC heap before
{Heap before GC invocations=37 (full 0):
 garbage-first heap   total 350208K, used 220715K [0x0000000080000000, 0x0000000100000000)
  region size 1024K, 17 young (17408K), 3 survivors (3072K)
 Metaspace       used 104483K, committed 105472K, reserved 1179648K
  class space    used 13746K, committed 14208K, reserved 1048576K
}
Event: 965.802 GC heap after
{Heap after GC invocations=38 (full 0):
 garbage-first heap   total 350208K, used 209191K [0x0000000080000000, 0x0000000100000000)
  region size 1024K, 3 young (3072K), 3 survivors (3072K)
 Metaspace       used 104483K, committed 105472K, reserved 1179648K
  class space    used 13746K, committed 14208K, reserved 1048576K
}
Event: 967.404 GC heap before
{Heap before GC invocations=38 (full 0):
 garbage-first heap   total 350208K, used 289063K [0x0000000080000000, 0x0000000100000000)
  region size 1024K, 81 young (82944K), 3 survivors (3072K)
 Metaspace       used 106511K, committed 107456K, reserved 1179648K
  class space    used 13980K, committed 14464K, reserved 1048576K
}
Event: 967.422 GC heap after
{Heap after GC invocations=39 (full 0):
 garbage-first heap   total 350208K, used 219136K [0x0000000080000000, 0x0000000100000000)
  region size 1024K, 11 young (11264K), 11 survivors (11264K)
 Metaspace       used 106511K, committed 107456K, reserved 1179648K
  class space    used 13980K, committed 14464K, reserved 1048576K
}
Event: 968.356 GC heap before
{Heap before GC invocations=39 (full 0):
 garbage-first heap   total 350208K, used 277504K [0x0000000080000000, 0x0000000100000000)
  region size 1024K, 70 young (71680K), 11 survivors (11264K)
 Metaspace       used 107776K, committed 108736K, reserved 1179648K
  class space    used 14184K, committed 14656K, reserved 1048576K
}
Event: 968.383 GC heap after
{Heap after GC invocations=40 (full 0):
 garbage-first heap   total 350208K, used 228033K [0x0000000080000000, 0x0000000100000000)
  region size 1024K, 9 young (9216K), 9 survivors (9216K)
 Metaspace       used 107776K, committed 108736K, reserved 1179648K
  class space    used 14184K, committed 14656K, reserved 1048576K
}
Event: 969.195 GC heap before
{Heap before GC invocations=41 (full 0):
 garbage-first heap   total 394240K, used 296641K [0x0000000080000000, 0x0000000100000000)
  region size 1024K, 68 young (69632K), 9 survivors (9216K)
 Metaspace       used 110710K, committed 111680K, reserved 1179648K
  class space    used 14535K, committed 14976K, reserved 1048576K
}
Event: 969.215 GC heap after
{Heap after GC invocations=42 (full 0):
 garbage-first heap   total 394240K, used 247001K [0x0000000080000000, 0x0000000100000000)
  region size 1024K, 9 young (9216K), 9 survivors (9216K)
 Metaspace       used 110710K, committed 111680K, reserved 1179648K
  class space    used 14535K, committed 14976K, reserved 1048576K
}
Event: 969.503 GC heap before
{Heap before GC invocations=42 (full 0):
 garbage-first heap   total 394240K, used 256217K [0x0000000080000000, 0x0000000100000000)
  region size 1024K, 19 young (19456K), 9 survivors (9216K)
 Metaspace       used 112672K, committed 113664K, reserved 1179648K
  class space    used 14797K, committed 15296K, reserved 1048576K
}
Event: 969.515 GC heap after
{Heap after GC invocations=43 (full 0):
 garbage-first heap   total 394240K, used 243579K [0x0000000080000000, 0x0000000100000000)
  region size 1024K, 2 young (2048K), 2 survivors (2048K)
 Metaspace       used 112672K, committed 113664K, reserved 1179648K
  class space    used 14797K, committed 15296K, reserved 1048576K
}
Event: 969.668 GC heap before
{Heap before GC invocations=43 (full 0):
 garbage-first heap   total 394240K, used 252795K [0x0000000080000000, 0x0000000100000000)
  region size 1024K, 13 young (13312K), 2 survivors (2048K)
 Metaspace       used 112752K, committed 113728K, reserved 1179648K
  class space    used 14802K, committed 15296K, reserved 1048576K
}
Event: 969.673 GC heap after
{Heap after GC invocations=44 (full 0):
 garbage-first heap   total 394240K, used 248168K [0x0000000080000000, 0x0000000100000000)
  region size 1024K, 7 young (7168K), 7 survivors (7168K)
 Metaspace       used 112752K, committed 113728K, reserved 1179648K
  class space    used 14802K, committed 15296K, reserved 1048576K
}
Event: 970.588 GC heap before
{Heap before GC invocations=45 (full 0):
 garbage-first heap   total 455680K, used 334184K [0x0000000080000000, 0x0000000100000000)
  region size 1024K, 77 young (78848K), 7 survivors (7168K)
 Metaspace       used 117171K, committed 118144K, reserved 1179648K
  class space    used 15235K, committed 15744K, reserved 1048576K
}
Event: 970.597 GC heap after
{Heap after GC invocations=46 (full 0):
 garbage-first heap   total 455680K, used 250741K [0x0000000080000000, 0x0000000100000000)
  region size 1024K, 8 young (8192K), 8 survivors (8192K)
 Metaspace       used 117171K, committed 118144K, reserved 1179648K
  class space    used 15235K, committed 15744K, reserved 1048576K
}
Event: 970.753 GC heap before
{Heap before GC invocations=46 (full 0):
 garbage-first heap   total 455680K, used 264053K [0x0000000080000000, 0x0000000100000000)
  region size 1024K, 22 young (22528K), 8 survivors (8192K)
 Metaspace       used 117950K, committed 118912K, reserved 1179648K
  class space    used 15294K, committed 15744K, reserved 1048576K
}
Event: 970.764 GC heap after
{Heap after GC invocations=47 (full 0):
 garbage-first heap   total 455680K, used 252176K [0x0000000080000000, 0x0000000100000000)
  region size 1024K, 3 young (3072K), 3 survivors (3072K)
 Metaspace       used 117950K, committed 118912K, reserved 1179648K
  class space    used 15294K, committed 15744K, reserved 1048576K
}

