# JRE version: Java(TM) SE Runtime Environment 18.9 (11.0.14+8) (build 11.0.14+8-LTS-263)
# Java VM: Java HotSpot(TM) 64-Bit Server VM 18.9 (11.0.14+8-LTS-263, mixed mode, tiered, compressed oops, g1 gc, windows-amd64)
Heap:
 garbage-first heap   total 570368K, used 239660K [0x0000000080000000, 0x0000000100000000)
  region size 1024K, 13 young (13312K), 13 survivors (13312K)
 Metaspace       used 127313K, capacity 131151K, committed 131404K, reserved 1163264K
  class space    used 16358K, capacity 17918K, committed 17996K, reserved 1048576K
GC Heap History (10 events):
Event: 26.880 GC heap after
{Heap after GC invocations=62 (full 0):
 garbage-first heap   total 479232K, used 220882K [0x0000000080000000, 0x0000000100000000)
  region size 1024K, 7 young (7168K), 7 survivors (7168K)
 Metaspace       used 126972K, capacity 130830K, committed 131148K, reserved 1163264K
  class space    used 16349K, capacity 17906K, committed 17996K, reserved 1048576K
}
Event: 27.162 GC heap before
{Heap before GC invocations=62 (full 0):
 garbage-first heap   total 479232K, used 411346K [0x0000000080000000, 0x0000000100000000)
  region size 1024K, 193 young (197632K), 7 survivors (7168K)
 Metaspace       used 127070K, capacity 130967K, committed 131148K, reserved 1163264K
  class space    used 16349K, capacity 17906K, committed 17996K, reserved 1048576K
}
Event: 27.180 GC heap after
{Heap after GC invocations=63 (full 0):
 garbage-first heap   total 479232K, used 230976K [0x0000000080000000, 0x0000000100000000)
  region size 1024K, 17 young (17408K), 17 survivors (17408K)
 Metaspace       used 127070K, capacity 130967K, committed 131148K, reserved 1163264K
  class space    used 16349K, capacity 17906K, committed 17996K, reserved 1048576K
}
Event: 27.539 GC heap before
{Heap before GC invocations=63 (full 0):
 garbage-first heap   total 479232K, used 407104K [0x0000000080000000, 0x0000000100000000)
  region size 1024K, 189 young (193536K), 17 survivors (17408K)
 Metaspace       used 127118K, capacity 130987K, committed 131148K, reserved 1163264K
  class space    used 16351K, capacity 17910K, committed 17996K, reserved 1048576K
}
Event: 27.569 GC heap after
{Heap after GC invocations=64 (full 0):
 garbage-first heap   total 479232K, used 231906K [0x0000000080000000, 0x0000000100000000)
  region size 1024K, 13 young (13312K), 13 survivors (13312K)
 Metaspace       used 127118K, capacity 130987K, committed 131148K, reserved 1163264K
  class space    used 16351K, capacity 17910K, committed 17996K, reserved 1048576K
}
Event: 27.831 GC heap before
{Heap before GC invocations=64 (full 0):
 garbage-first heap   total 479232K, used 411106K [0x0000000080000000, 0x0000000100000000)
  region size 1024K, 188 young (192512K), 13 survivors (13312K)
 Metaspace       used 127225K, capacity 131076K, committed 131404K, reserved 1163264K
  class space    used 16354K, capacity 17915K, committed 17996K, reserved 1048576K
}
Event: 27.843 GC heap after
{Heap after GC invocations=65 (full 0):
 garbage-first heap   total 479232K, used 234318K [0x0000000080000000, 0x0000000100000000)
  region size 1024K, 15 young (15360K), 15 survivors (15360K)
 Metaspace       used 127225K, capacity 131076K, committed 131404K, reserved 1163264K
  class space    used 16354K, capacity 17915K, committed 17996K, reserved 1048576K
}
Event: 28.131 GC heap before
{Heap before GC invocations=65 (full 0):
 garbage-first heap   total 479232K, used 413518K [0x0000000080000000, 0x0000000100000000)
  region size 1024K, 190 young (194560K), 15 survivors (15360K)
 Metaspace       used 127251K, capacity 131146K, committed 131404K, reserved 1163264K
  class space    used 16358K, capacity 17918K, committed 17996K, reserved 1048576K
}
Event: 28.149 GC heap after
{Heap after GC invocations=66 (full 0):
 garbage-first heap   total 479232K, used 233680K [0x0000000080000000, 0x0000000100000000)
  region size 1024K, 7 young (7168K), 7 survivors (7168K)
 Metaspace       used 127251K, capacity 131146K, committed 131404K, reserved 1163264K
  class space    used 16358K, capacity 17918K, committed 17996K, reserved 1048576K
}
Event: 28.467 GC heap before
{Heap before GC invocations=66 (full 0):
 garbage-first heap   total 479232K, used 412880K [0x0000000080000000, 0x0000000100000000)
  region size 1024K, 183 young (187392K), 7 survivors (7168K)
 Metaspace       used 127313K, capacity 131151K, committed 131404K, reserved 1163264K
  class space    used 16358K, capacity 17918K, committed 17996K, reserved 1048576K
}

