# JRE version: OpenJDK Runtime Environment Zulu17.42+19-CA (17.0.7+7) (build 17.0.7+7-LTS)
# Java VM: OpenJDK 64-Bit Server VM Zulu17.42+19-CA (17.0.7+7-LTS, mixed mode, sharing, tiered, compressed oops, compressed class ptrs, g1 gc, windows-amd64)
GC Precious Log:
 CPUs: 8 total, 8 available
 Memory: 12135M
 Large Page Support: Disabled
 NUMA Support: Disabled
 Compressed Oops: Enabled (32-bit)
 Heap Region Size: 1M
 Heap Min Capacity: 8M
 Heap Initial Capacity: 190M
 Heap Max Capacity: 2G
 Pre-touch: Disabled
 Parallel Workers: 8
 Concurrent Workers: 2
 Concurrent Refinement Workers: 8
 Periodic GC: Disabled
Heap:
 garbage-first heap   total 386048K, used 280108K [0x0000000080000000, 0x0000000100000000)
  region size 1024K, 50 young (51200K), 1 survivors (1024K)
 Metaspace       used 131391K, committed 132544K, reserved 1179648K
  class space    used 16925K, committed 17472K, reserved 1048576K
GC Heap History (20 events):
Event: 178.882 GC heap before
{Heap before GC invocations=55 (full 0):
 garbage-first heap   total 244736K, used 198040K [0x0000000080000000, 0x0000000100000000)
  region size 1024K, 11 young (11264K), 1 survivors (1024K)
 Metaspace       used 111544K, committed 112448K, reserved 1179648K
  class space    used 14379K, committed 14848K, reserved 1048576K
}
Event: 178.884 GC heap after
{Heap after GC invocations=56 (full 0):
 garbage-first heap   total 244736K, used 192171K [0x0000000080000000, 0x0000000100000000)
  region size 1024K, 3 young (3072K), 3 survivors (3072K)
 Metaspace       used 111544K, committed 112448K, reserved 1179648K
  class space    used 14379K, committed 14848K, reserved 1048576K
}
Event: 178.910 GC heap before
{Heap before GC invocations=56 (full 0):
 garbage-first heap   total 244736K, used 204459K [0x0000000080000000, 0x0000000100000000)
  region size 1024K, 4 young (4096K), 3 survivors (3072K)
 Metaspace       used 111562K, committed 112448K, reserved 1179648K
  class space    used 14383K, committed 14848K, reserved 1048576K
}
Event: 178.911 GC heap after
{Heap after GC invocations=57 (full 0):
 garbage-first heap   total 244736K, used 205104K [0x0000000080000000, 0x0000000100000000)
  region size 1024K, 1 young (1024K), 1 survivors (1024K)
 Metaspace       used 111562K, committed 112448K, reserved 1179648K
  class space    used 14383K, committed 14848K, reserved 1048576K
}
Event: 178.918 GC heap before
{Heap before GC invocations=57 (full 0):
 garbage-first heap   total 244736K, used 211248K [0x0000000080000000, 0x0000000100000000)
  region size 1024K, 2 young (2048K), 1 survivors (1024K)
 Metaspace       used 111562K, committed 112448K, reserved 1179648K
  class space    used 14383K, committed 14848K, reserved 1048576K
}
Event: 178.919 GC heap after
{Heap after GC invocations=58 (full 0):
 garbage-first heap   total 244736K, used 211127K [0x0000000080000000, 0x0000000100000000)
  region size 1024K, 1 young (1024K), 1 survivors (1024K)
 Metaspace       used 111562K, committed 112448K, reserved 1179648K
  class space    used 14383K, committed 14848K, reserved 1048576K
}
Event: 179.243 GC heap before
{Heap before GC invocations=59 (full 0):
 garbage-first heap   total 329728K, used 217271K [0x0000000080000000, 0x0000000100000000)
  region size 1024K, 11 young (11264K), 1 survivors (1024K)
 Metaspace       used 112434K, committed 113344K, reserved 1179648K
  class space    used 14527K, committed 14976K, reserved 1048576K
}
Event: 179.246 GC heap after
{Heap after GC invocations=60 (full 0):
 garbage-first heap   total 329728K, used 209638K [0x0000000080000000, 0x0000000100000000)
  region size 1024K, 2 young (2048K), 2 survivors (2048K)
 Metaspace       used 112434K, committed 113344K, reserved 1179648K
  class space    used 14527K, committed 14976K, reserved 1048576K
}
Event: 179.452 GC heap before
{Heap before GC invocations=60 (full 0):
 garbage-first heap   total 329728K, used 229094K [0x0000000080000000, 0x0000000100000000)
  region size 1024K, 16 young (16384K), 2 survivors (2048K)
 Metaspace       used 113397K, committed 114368K, reserved 1179648K
  class space    used 14656K, committed 15168K, reserved 1048576K
}
Event: 179.457 GC heap after
{Heap after GC invocations=61 (full 0):
 garbage-first heap   total 329728K, used 186872K [0x0000000080000000, 0x0000000100000000)
  region size 1024K, 2 young (2048K), 2 survivors (2048K)
 Metaspace       used 113397K, committed 114368K, reserved 1179648K
  class space    used 14656K, committed 15168K, reserved 1048576K
}
Event: 179.612 GC heap before
{Heap before GC invocations=61 (full 0):
 garbage-first heap   total 329728K, used 208376K [0x0000000080000000, 0x0000000100000000)
  region size 1024K, 16 young (16384K), 2 survivors (2048K)
 Metaspace       used 113596K, committed 114560K, reserved 1179648K
  class space    used 14690K, committed 15168K, reserved 1048576K
}
Event: 179.620 GC heap after
{Heap after GC invocations=62 (full 0):
 garbage-first heap   total 329728K, used 187457K [0x0000000080000000, 0x0000000100000000)
  region size 1024K, 2 young (2048K), 2 survivors (2048K)
 Metaspace       used 113596K, committed 114560K, reserved 1179648K
  class space    used 14690K, committed 15168K, reserved 1048576K
}
Event: 180.984 GC heap before
{Heap before GC invocations=62 (full 0):
 garbage-first heap   total 329728K, used 267329K [0x0000000080000000, 0x0000000100000000)
  region size 1024K, 80 young (81920K), 2 survivors (2048K)
 Metaspace       used 119429K, committed 120448K, reserved 1179648K
  class space    used 15502K, committed 16000K, reserved 1048576K
}
Event: 180.992 GC heap after
{Heap after GC invocations=63 (full 0):
 garbage-first heap   total 329728K, used 193882K [0x0000000080000000, 0x0000000100000000)
  region size 1024K, 9 young (9216K), 9 survivors (9216K)
 Metaspace       used 119429K, committed 120448K, reserved 1179648K
  class space    used 15502K, committed 16000K, reserved 1048576K
}
Event: 181.010 GC heap before
{Heap before GC invocations=63 (full 0):
 garbage-first heap   total 329728K, used 194906K [0x0000000080000000, 0x0000000100000000)
  region size 1024K, 11 young (11264K), 9 survivors (9216K)
 Metaspace       used 119507K, committed 120512K, reserved 1179648K
  class space    used 15513K, committed 16000K, reserved 1048576K
}
Event: 181.016 GC heap after
{Heap after GC invocations=64 (full 0):
 garbage-first heap   total 329728K, used 195773K [0x0000000080000000, 0x0000000100000000)
  region size 1024K, 2 young (2048K), 2 survivors (2048K)
 Metaspace       used 119507K, committed 120512K, reserved 1179648K
  class space    used 15513K, committed 16000K, reserved 1048576K
}
Event: 181.724 GC heap before
{Heap before GC invocations=65 (full 0):
 garbage-first heap   total 386048K, used 276669K [0x0000000080000000, 0x0000000100000000)
  region size 1024K, 53 young (54272K), 2 survivors (2048K)
 Metaspace       used 121840K, committed 122944K, reserved 1179648K
  class space    used 15845K, committed 16384K, reserved 1048576K
}
Event: 181.733 GC heap after
{Heap after GC invocations=66 (full 0):
 garbage-first heap   total 386048K, used 232323K [0x0000000080000000, 0x0000000100000000)
  region size 1024K, 7 young (7168K), 7 survivors (7168K)
 Metaspace       used 121840K, committed 122944K, reserved 1179648K
  class space    used 15845K, committed 16384K, reserved 1048576K
}
Event: 182.028 GC heap before
{Heap before GC invocations=66 (full 0):
 garbage-first heap   total 386048K, used 243587K [0x0000000080000000, 0x0000000100000000)
  region size 1024K, 18 young (18432K), 7 survivors (7168K)
 Metaspace       used 123044K, committed 124160K, reserved 1179648K
  class space    used 16013K, committed 16512K, reserved 1048576K
}
Event: 182.037 GC heap after
{Heap after GC invocations=67 (full 0):
 garbage-first heap   total 386048K, used 230956K [0x0000000080000000, 0x0000000100000000)
  region size 1024K, 1 young (1024K), 1 survivors (1024K)
 Metaspace       used 123044K, committed 124160K, reserved 1179648K
  class space    used 16013K, committed 16512K, reserved 1048576K
}

