# JRE version: OpenJDK Runtime Environment Zulu17.42+19-CA (17.0.7+7) (build 17.0.7+7-LTS)
# Java VM: OpenJDK 64-Bit Server VM Zulu17.42+19-CA (17.0.7+7-LTS, mixed mode, sharing, tiered, compressed oops, compressed class ptrs, g1 gc, windows-amd64)
GC Precious Log:
 CPUs: 8 total, 8 available
 Memory: 12135M
 Large Page Support: Disabled
 NUMA Support: Disabled
 Compressed Oops: Enabled (32-bit)
 Heap Region Size: 1M
 Heap Min Capacity: 8M
 Heap Initial Capacity: 190M
 Heap Max Capacity: 2G
 Pre-touch: Disabled
 Parallel Workers: 8
 Concurrent Workers: 2
 Concurrent Refinement Workers: 8
 Periodic GC: Disabled
Heap:
 garbage-first heap   total 306176K, used 186357K [0x0000000080000000, 0x0000000100000000)
  region size 1024K, 3 young (3072K), 3 survivors (3072K)
 Metaspace       used 83065K, committed 83840K, reserved 1179648K
  class space    used 11283K, committed 11648K, reserved 1048576K
GC Heap History (20 events):
Event: 8.543 GC heap after
{Heap after GC invocations=20 (full 0):
 garbage-first heap   total 239616K, used 133086K [0x0000000080000000, 0x0000000100000000)
  region size 1024K, 1 young (1024K), 1 survivors (1024K)
 Metaspace       used 58759K, committed 59456K, reserved 1114112K
  class space    used 7935K, committed 8256K, reserved 1048576K
}
Event: 8.629 GC heap before
{Heap before GC invocations=20 (full 0):
 garbage-first heap   total 239616K, used 139230K [0x0000000080000000, 0x0000000100000000)
  region size 1024K, 8 young (8192K), 1 survivors (1024K)
 Metaspace       used 59436K, committed 60096K, reserved 1114112K
  class space    used 8001K, committed 8320K, reserved 1048576K
}
Event: 8.630 GC heap after
{Heap after GC invocations=21 (full 0):
 garbage-first heap   total 239616K, used 133163K [0x0000000080000000, 0x0000000100000000)
  region size 1024K, 2 young (2048K), 2 survivors (2048K)
 Metaspace       used 59436K, committed 60096K, reserved 1114112K
  class space    used 8001K, committed 8320K, reserved 1048576K
}
Event: 9.361 GC heap before
{Heap before GC invocations=22 (full 0):
 garbage-first heap   total 239616K, used 189483K [0x0000000080000000, 0x0000000100000000)
  region size 1024K, 56 young (57344K), 2 survivors (2048K)
 Metaspace       used 63396K, committed 64064K, reserved 1114112K
  class space    used 8531K, committed 8832K, reserved 1048576K
}
Event: 9.367 GC heap after
{Heap after GC invocations=23 (full 0):
 garbage-first heap   total 239616K, used 136528K [0x0000000080000000, 0x0000000100000000)
  region size 1024K, 5 young (5120K), 5 survivors (5120K)
 Metaspace       used 63396K, committed 64064K, reserved 1114112K
  class space    used 8531K, committed 8832K, reserved 1048576K
}
Event: 9.411 GC heap before
{Heap before GC invocations=23 (full 0):
 garbage-first heap   total 239616K, used 142672K [0x0000000080000000, 0x0000000100000000)
  region size 1024K, 11 young (11264K), 5 survivors (5120K)
 Metaspace       used 63424K, committed 64064K, reserved 1114112K
  class space    used 8533K, committed 8832K, reserved 1048576K
}
Event: 9.415 GC heap after
{Heap after GC invocations=24 (full 0):
 garbage-first heap   total 239616K, used 136856K [0x0000000080000000, 0x0000000100000000)
  region size 1024K, 1 young (1024K), 1 survivors (1024K)
 Metaspace       used 63424K, committed 64064K, reserved 1114112K
  class space    used 8533K, committed 8832K, reserved 1048576K
}
Event: 10.233 GC heap before
{Heap before GC invocations=24 (full 0):
 garbage-first heap   total 239616K, used 193176K [0x0000000080000000, 0x0000000100000000)
  region size 1024K, 56 young (57344K), 1 survivors (1024K)
 Metaspace       used 69175K, committed 69824K, reserved 1114112K
  class space    used 9501K, committed 9792K, reserved 1048576K
}
Event: 10.237 GC heap after
{Heap after GC invocations=25 (full 0):
 garbage-first heap   total 239616K, used 140026K [0x0000000080000000, 0x0000000100000000)
  region size 1024K, 4 young (4096K), 4 survivors (4096K)
 Metaspace       used 69175K, committed 69824K, reserved 1114112K
  class space    used 9501K, committed 9792K, reserved 1048576K
}
Event: 11.047 GC heap before
{Heap before GC invocations=26 (full 0):
 garbage-first heap   total 244736K, used 195322K [0x0000000080000000, 0x0000000100000000)
  region size 1024K, 59 young (60416K), 4 survivors (4096K)
 Metaspace       used 75599K, committed 76224K, reserved 1179648K
  class space    used 10348K, committed 10624K, reserved 1048576K
}
Event: 11.054 GC heap after
{Heap after GC invocations=27 (full 0):
 garbage-first heap   total 244736K, used 144522K [0x0000000080000000, 0x0000000100000000)
  region size 1024K, 8 young (8192K), 8 survivors (8192K)
 Metaspace       used 75599K, committed 76224K, reserved 1179648K
  class space    used 10348K, committed 10624K, reserved 1048576K
}
Event: 11.069 GC heap before
{Heap before GC invocations=27 (full 0):
 garbage-first heap   total 244736K, used 147594K [0x0000000080000000, 0x0000000100000000)
  region size 1024K, 11 young (11264K), 8 survivors (8192K)
 Metaspace       used 75648K, committed 76352K, reserved 1179648K
  class space    used 10355K, committed 10688K, reserved 1048576K
}
Event: 11.075 GC heap after
{Heap after GC invocations=28 (full 0):
 garbage-first heap   total 244736K, used 145758K [0x0000000080000000, 0x0000000100000000)
  region size 1024K, 2 young (2048K), 2 survivors (2048K)
 Metaspace       used 75648K, committed 76352K, reserved 1179648K
  class space    used 10355K, committed 10688K, reserved 1048576K
}
Event: 11.313 GC heap before
{Heap before GC invocations=28 (full 0):
 garbage-first heap   total 244736K, used 155998K [0x0000000080000000, 0x0000000100000000)
  region size 1024K, 14 young (14336K), 2 survivors (2048K)
 Metaspace       used 77598K, committed 78272K, reserved 1179648K
  class space    used 10521K, committed 10816K, reserved 1048576K
}
Event: 11.316 GC heap after
{Heap after GC invocations=29 (full 0):
 garbage-first heap   total 244736K, used 146850K [0x0000000080000000, 0x0000000100000000)
  region size 1024K, 4 young (4096K), 4 survivors (4096K)
 Metaspace       used 77598K, committed 78272K, reserved 1179648K
  class space    used 10521K, committed 10816K, reserved 1048576K
}
Event: 12.000 GC heap before
{Heap before GC invocations=30 (full 0):
 garbage-first heap   total 306176K, used 222626K [0x0000000080000000, 0x0000000100000000)
  region size 1024K, 50 young (51200K), 4 survivors (4096K)
 Metaspace       used 80798K, committed 81536K, reserved 1179648K
  class space    used 10997K, committed 11328K, reserved 1048576K
}
Event: 12.009 GC heap after
{Heap after GC invocations=31 (full 0):
 garbage-first heap   total 306176K, used 183466K [0x0000000080000000, 0x0000000100000000)
  region size 1024K, 7 young (7168K), 7 survivors (7168K)
 Metaspace       used 80798K, committed 81536K, reserved 1179648K
  class space    used 10997K, committed 11328K, reserved 1048576K
}
Event: 12.082 GC heap before
{Heap before GC invocations=31 (full 0):
 garbage-first heap   total 306176K, used 190634K [0x0000000080000000, 0x0000000100000000)
  region size 1024K, 14 young (14336K), 7 survivors (7168K)
 Metaspace       used 81054K, committed 81792K, reserved 1179648K
  class space    used 11035K, committed 11328K, reserved 1048576K
}
Event: 12.089 GC heap after
{Heap after GC invocations=32 (full 0):
 garbage-first heap   total 306176K, used 184673K [0x0000000080000000, 0x0000000100000000)
  region size 1024K, 1 young (1024K), 1 survivors (1024K)
 Metaspace       used 81054K, committed 81792K, reserved 1179648K
  class space    used 11035K, committed 11328K, reserved 1048576K
}
Event: 12.342 GC heap before
{Heap before GC invocations=32 (full 0):
 garbage-first heap   total 306176K, used 208225K [0x0000000080000000, 0x0000000100000000)
  region size 1024K, 26 young (26624K), 1 survivors (1024K)
 Metaspace       used 83065K, committed 83840K, reserved 1179648K
  class space    used 11283K, committed 11648K, reserved 1048576K
}

